;  LST file generated by mikroListExporter - v.2.0 
; Date/Time: 4/20/2015 12:55:06 PM
;----------------------------------------------

;Address Opcode 	ASM
0x0000	0x282E      	GOTO       46
_Delay_22us:
;__Lib_Delays.c,15 :: 		void Delay_22us() {
;__Lib_Delays.c,16 :: 		Delay_us(22);
0x0003	0x3012      	MOVLW      18
0x0004	0x1283      	BCF        STATUS, 5
0x0005	0x1303      	BCF        STATUS, 6
0x0006	0x00FD      	MOVWF      R13
L_Delay_22us1:
0x0007	0x0BFD      	DECFSZ     R13, 1
0x0008	0x2807      	GOTO       L_Delay_22us1
;__Lib_Delays.c,17 :: 		}
L_end_Delay_22us:
0x0009	0x0008      	RETURN
; end of _Delay_22us
_ADC_Read:
;__Lib_ADC_A_C.c,45 :: 		
;__Lib_ADC_A_C.c,47 :: 		
0x000A	0x1283      	BCF        STATUS, 5
0x000B	0x1303      	BCF        STATUS, 6
0x000C	0x019F      	CLRF       ADCON0
;__Lib_ADC_A_C.c,48 :: 		
0x000D	0x30C0      	MOVLW      192
0x000E	0x049F      	IORWF      ADCON0, 1
;__Lib_ADC_A_C.c,49 :: 		
0x000F	0x1683      	BSF        STATUS, 5
0x0010	0x171F      	BSF        ADCON1, 6
;__Lib_ADC_A_C.c,50 :: 		
0x0011	0x179F      	BSF        ADCON1, 7
;__Lib_ADC_A_C.c,51 :: 		
0x0012	0x1283      	BCF        STATUS, 5
0x0013	0x0824      	MOVF       FARG_ADC_Read_channel, 0
0x0014	0x00F0      	MOVWF      R0
0x0015	0x0DF0      	RLF        R0, 1
0x0016	0x1070      	BCF        R0, 0
0x0017	0x0DF0      	RLF        R0, 1
0x0018	0x1070      	BCF        R0, 0
0x0019	0x0DF0      	RLF        R0, 1
0x001A	0x1070      	BCF        R0, 0
0x001B	0x0870      	MOVF       R0, 0
0x001C	0x049F      	IORWF      ADCON0, 1
;__Lib_ADC_A_C.c,54 :: 		
0x001D	0x141F      	BSF        ADCON0, 0
;__Lib_ADC_A_C.c,57 :: 		
0x001E	0x2003      	CALL       _Delay_22us
;__Lib_ADC_A_C.c,60 :: 		
0x001F	0x151F      	BSF        ADCON0, 2
;__Lib_ADC_A_C.c,63 :: 		
L_ADC_Read2:
0x0020	0x1D1F      	BTFSS      ADCON0, 2
0x0021	0x2824      	GOTO       L_ADC_Read3
;__Lib_ADC_A_C.c,64 :: 		
0x0022	0x0000      	NOP
0x0023	0x2820      	GOTO       L_ADC_Read2
L_ADC_Read3:
;__Lib_ADC_A_C.c,67 :: 		
0x0024	0x101F      	BCF        ADCON0, 0
;__Lib_ADC_A_C.c,70 :: 		
0x0025	0x081E      	MOVF       ADRESH, 0
0x0026	0x00F1      	MOVWF      R0+1
0x0027	0x01F0      	CLRF       R0
0x0028	0x1683      	BSF        STATUS, 5
0x0029	0x081E      	MOVF       ADRESL, 0
0x002A	0x04F0      	IORWF      R0, 1
0x002B	0x3000      	MOVLW      0
0x002C	0x04F1      	IORWF      R0+1, 1
;__Lib_ADC_A_C.c,71 :: 		
L_end_ADC_Read:
0x002D	0x0008      	RETURN
; end of _ADC_Read
_main:
;MyProject.c,2 :: 		void main() {
;MyProject.c,3 :: 		CMCON = 0x07;                // Disable Comparators
0x002E	0x3007      	MOVLW      7
0x002F	0x1683      	BSF        STATUS, 5
0x0030	0x1303      	BCF        STATUS, 6
0x0031	0x009C      	MOVWF      CMCON
;MyProject.c,4 :: 		ADCON1 = 0x80;              // ADC module configuration
0x0032	0x3080      	MOVLW      128
0x0033	0x009F      	MOVWF      ADCON1
;MyProject.c,6 :: 		TRISA = 0xFF;               // PORTA as Input
0x0034	0x30FF      	MOVLW      255
0x0035	0x0085      	MOVWF      TRISA
;MyProject.c,7 :: 		TRISB = 0x00;               // PORTB as Output
0x0036	0x0186      	CLRF       TRISB
;MyProject.c,8 :: 		TRISC = 0x00;               // PORTC as Output
0x0037	0x0187      	CLRF       TRISC
;MyProject.c,10 :: 		do {
L_main0:
;MyProject.c,11 :: 		adc = ADC_Read(1);       // Read ADC value from channel 1
0x0038	0x3001      	MOVLW      1
0x0039	0x1283      	BCF        STATUS, 5
0x003A	0x00A4      	MOVWF      FARG_ADC_Read_channel
0x003B	0x200A      	CALL       _ADC_Read
0x003C	0x0870      	MOVF       R0, 0
0x003D	0x1283      	BCF        STATUS, 5
0x003E	0x00A2      	MOVWF      _adc
0x003F	0x0871      	MOVF       R0+1, 0
0x0040	0x00A3      	MOVWF      _adc+1
;MyProject.c,12 :: 		PORTB = adc;             // Send lower 8 bits of ADC value to PORTB
0x0041	0x0870      	MOVF       R0, 0
0x0042	0x0086      	MOVWF      PORTB
;MyProject.c,13 :: 		PORTC = adc >> 2;        // Send higher 2 bits to PORTC
0x0043	0x0870      	MOVF       R0, 0
0x0044	0x00F2      	MOVWF      R2
0x0045	0x0871      	MOVF       R0+1, 0
0x0046	0x00F3      	MOVWF      R2+1
0x0047	0x0CF3      	RRF        R2+1, 1
0x0048	0x0CF2      	RRF        R2, 1
0x0049	0x13F3      	BCF        R2+1, 7
0x004A	0x0CF3      	RRF        R2+1, 1
0x004B	0x0CF2      	RRF        R2, 1
0x004C	0x13F3      	BCF        R2+1, 7
0x004D	0x0872      	MOVF       R2, 0
0x004E	0x0087      	MOVWF      PORTC
;MyProject.c,14 :: 		} while(1);
0x004F	0x2838      	GOTO       L_main0
;MyProject.c,15 :: 		}
L_end_main:
0x0050	0x2850      	GOTO       $+0
; end of _main
Symbol List:
//** Routines locations **
//ADDRESS    SIZE    PROCEDURE
//----------------------------------------------
0x0003       [7]    _Delay_22us
0x000A      [36]    _ADC_Read
0x002E      [35]    _main
//** Variables locations ** 
//ADDRESS    SIZE    VARIABLE
//----------------------------------------------
0x0000       [1]    INDF
0x0003       [1]    STATUS
0x0004       [1]    FSR
0x0006       [1]    PORTB
0x0007       [1]    PORTC
0x000A       [1]    PCLATH
0x001E       [1]    ADRESH
0x001F       [1]    ADCON0
0x0020       [2]    ___DoICPAddr
0x0022       [2]    _adc
0x0024       [1]    FARG_ADC_Read_channel
0x0070       [1]    R0
0x0071       [1]    R1
0x0072       [1]    R2
0x0073       [1]    R3
0x0074       [1]    R4
0x0075       [1]    R5
0x0076       [1]    R6
0x0077       [1]    R7
0x0078       [1]    R8
0x0079       [1]    R9
0x007A       [1]    R10
0x007B       [1]    R11
0x007C       [1]    R12
0x007D       [1]    R13
0x007E       [1]    R14
0x007F       [1]    R15
0x0085       [1]    TRISA
0x0086       [1]    TRISB
0x0087       [1]    TRISC
0x009C       [1]    CMCON
0x009E       [1]    ADRESL
0x009F       [1]    ADCON1
//** Label List: ** 
//----------------------------------------------
  L_main0
  L_main1
  L_main2
  L_end_main
  _main
  L_ADC_Get_Sample0
  L_ADC_Get_Sample1
  L_ADC_Read2
  L_ADC_Read3
  L_end_ADC_Init
  _ADC_Init
  L_end_ADC_Get_Sample
  _ADC_Get_Sample
  L_end_ADC_Read
  _ADC_Read
  L_Delay_10us0
  L_Delay_22us1
  L_Delay_50us2
  L_Delay_80us3
  L_Delay_500us4
  L_Delay_5500us5
  L_Delay_1ms6
  L_Delay_5ms7
  L_Delay_8ms8
  L_Delay_10ms9
  L_Delay_100ms10
  L_Delay_1sec11
  L_boot16_Delay_5ms12
  L_Delay_Cyc13
  L_Delay_Cyc14
  L_VDelay_ms15
  L_VDelay_ms16
  L_VDelay_ms17
  L_VDelay_Advanced_ms18
  L_VDelay_Advanced_ms19
  L_VDelay_Advanced_ms20
  L_end_Get_Fosc_kHz
  _Get_Fosc_kHz
  L_end_Delay_1us
  _Delay_1us
  L_end_Delay_10us
  _Delay_10us
  L_end_Delay_22us
  _Delay_22us
  L_end_Delay_50us
  _Delay_50us
  L_end_Delay_80us
  _Delay_80us
  L_end_Delay_500us
  _Delay_500us
  L_end_Delay_5500us
  _Delay_5500us
  L_end_Delay_1ms
  _Delay_1ms
  L_end_Delay_5ms
  _Delay_5ms
  L_end_Delay_8ms
  _Delay_8ms
  L_end_Delay_10ms
  _Delay_10ms
  L_end_Delay_100ms
  _Delay_100ms
  L_end_Delay_1sec
  _Delay_1sec
  L_end_boot16_Delay_5ms
  _boot16_Delay_5ms
  L_end_Delay_Cyc
  _Delay_Cyc
  L_end_VDelay_ms
  _VDelay_ms
  L__VDelay_ms38
  L__VDelay_ms39
  L__VDelay_ms40
  L_end_VDelay_Advanced_ms
  _VDelay_Advanced_ms
  L__VDelay_Advanced_ms42
  L__VDelay_Advanced_ms43
  L__VDelay_Advanced_ms44
